==64539== Memcheck, a memory error detector
==64539== Copyright (C) 2002-2026, and GNU GPL'd, by Julian Seward et al.
==64539== Using Valgrind-3.28.0.GIT-lbmacos and LibVEX; rerun with -h for copyright info
==64539== Command: ./dist/Debug/GNU-MacOSX/prd_sesio_6
==64539== Parent PID: 64512
==64539== 
--64539-- run: /usr/bin/dsymutil "./dist/Debug/GNU-MacOSX/prd_sesio_6"
==64539== Syscall param mach_vm_deferred_reclamation_buffer_allocate(address) points to unaddressable byte(s)
==64539==    at 0x189AC3C34: mach_msg2_trap (in /usr/lib/system/libsystem_kernel.dylib)
==64539==    by 0x3: ???
==64539==    by 0x189AEC01B: mach_vm_deferred_reclamation_buffer_allocate (in /usr/lib/system/libsystem_kernel.dylib)
==64539==    by 0x189AD6F07: mach_vm_reclaim_ring_allocate (in /usr/lib/system/libsystem_kernel.dylib)
==64539==    by 0x18990C6E3: xzm_reclaim_init (in /usr/lib/system/libsystem_malloc.dylib)
==64539==    by 0x189927F3B: xzm_main_malloc_zone_create (in /usr/lib/system/libsystem_malloc.dylib)
==64539==    by 0x189908883: __malloc_init (in /usr/lib/system/libsystem_malloc.dylib)
==64539==    by 0x19992B327: libSystem_initializer (in /usr/lib/libSystem.B.dylib)
==64539==    by 0x100D6F733: invocation function for block in dyld4::Loader::findAndRunAllInitializers(dyld4::RuntimeState&) const (in /usr/lib/dyld)
==64539==    by 0x100D7FE8F: invocation function for block in dyld3::MachOAnalyzer::forEachInitializer(Diagnostics&, dyld3::MachOAnalyzer::VMAddrConverter const&, void ( block_pointer)(unsigned int), void const*) const (in /usr/lib/dyld)
==64539==    by 0x100DB655F: invocation function for block in mach_o::UnsafeHeader::forEachSection(void ( block_pointer)(mach_o::UnsafeHeader::SectionInfo const&, bool&)) const (in /usr/lib/dyld)
==64539==    by 0x100DB3093: mach_o::UnsafeHeader::forEachLoadCommand(void ( block_pointer)(load_command const*, bool&)) const (in /usr/lib/dyld)
==64539==  Address 0x200000003 is in a --- mapped file /dev/macos/internals/[shared pmap] segment
==64539== 
{
   <insert_a_suppression_name_here>
   Memcheck:Param
   mach_vm_deferred_reclamation_buffer_allocate(address)
   fun:mach_msg2_trap
   obj:*
   fun:mach_vm_deferred_reclamation_buffer_allocate
   fun:mach_vm_reclaim_ring_allocate
   fun:xzm_reclaim_init
   fun:xzm_main_malloc_zone_create
   fun:__malloc_init
   fun:libSystem_initializer
   fun:___ZNK5dyld46Loader25findAndRunAllInitializersERNS_12RuntimeStateE_block_invoke
   fun:___ZNK5dyld313MachOAnalyzer18forEachInitializerER11DiagnosticsRKNS0_15VMAddrConverterEU13block_pointerFvjEPKv_block_invoke.204
   fun:___ZNK6mach_o12UnsafeHeader14forEachSectionEU13block_pointerFvRKNS0_11SectionInfoERbE_block_invoke
   fun:_ZNK6mach_o12UnsafeHeader18forEachLoadCommandEU13block_pointerFvPK12load_commandRbE
}
==64539== Invalid read of size 8
==64539==    at 0x100CF08B0: insertar_en_orden (array_list.c:123)
==64539==    by 0x100CF0B3B: sesion6_ej3b (ejercicios.c:82)
==64539==    by 0x100CF0B93: main (main.c:25)
==64539==  Address 0x300801ea8 is 8 bytes before a block of size 100 alloc'd
==64539==    at 0x100E9255C: calloc (in /opt/homebrew/Cellar/valgrind/HEAD-0c21e45/libexec/valgrind/vgpreload_memcheck-arm64-darwin.so)
==64539==    by 0x100CF04FF: crear_lista (array_list.c:25)
==64539==    by 0x100CF0AFF: sesion6_ej3b (ejercicios.c:79)
==64539==    by 0x100CF0B93: main (main.c:25)
==64539== 
{
   <insert_a_suppression_name_here>
   Memcheck:Addr8
   fun:insertar_en_orden
   fun:sesion6_ej3b
   fun:main
}
==64539== Invalid write of size 8
==64539==    at 0x100CF08B4: insertar_en_orden (array_list.c:123)
==64539==    by 0x100CF0B3B: sesion6_ej3b (ejercicios.c:82)
==64539==    by 0x100CF0B93: main (main.c:25)
==64539==  Address 0x300801ea8 is 8 bytes before a block of size 100 alloc'd
==64539==    at 0x100E9255C: calloc (in /opt/homebrew/Cellar/valgrind/HEAD-0c21e45/libexec/valgrind/vgpreload_memcheck-arm64-darwin.so)
==64539==    by 0x100CF04FF: crear_lista (array_list.c:25)
==64539==    by 0x100CF0AFF: sesion6_ej3b (ejercicios.c:79)
==64539==    by 0x100CF0B93: main (main.c:25)
==64539== 
{
   <insert_a_suppression_name_here>
   Memcheck:Addr8
   fun:insertar_en_orden
   fun:sesion6_ej3b
   fun:main
}
==64539== 
==64539== Process terminating with default action of signal 11 (SIGSEGV)
==64539==  Bad permissions for mapped region at address 0xFFFFFFFFFFFFFFAD
==64539==    at 0x100CF08B0: insertar_en_orden (array_list.c:123)
==64539==    by 0x100CF0B3B: sesion6_ej3b (ejercicios.c:82)
==64539==    by 0x100CF0B93: main (main.c:25)
==64539== 
==64539== HEAP SUMMARY:
==64539==     in use at exit: 9,908 bytes in 184 blocks
==64539==   total heap usage: 198 allocs, 14 frees, 11,061 bytes allocated
==64539== 
==64539== 32 bytes in 1 blocks are definitely lost in loss record 11 of 41
==64539==    at 0x100E943EC: malloc_type_zone_malloc_with_options (in /opt/homebrew/Cellar/valgrind/HEAD-0c21e45/libexec/valgrind/vgpreload_memcheck-arm64-darwin.so)
==64539==    by 0x100E94493: malloc_type_zone_malloc_with_options (in /opt/homebrew/Cellar/valgrind/HEAD-0c21e45/libexec/valgrind/vgpreload_memcheck-arm64-darwin.so)
==64539==    by 0x1896C74A3: cache_t::insert(objc_selector*, void (*)(), objc_object*) (in /usr/lib/libobjc.A.dylib)
==64539==    by 0x1896AE0AB: lookUpImpOrForward (in /usr/lib/libobjc.A.dylib)
==64539==    by 0x1896ADB83: _objc_msgSend_uncached (in /usr/lib/libobjc.A.dylib)
==64539==    by 0x1897DA143: -[OS_xpc_object dealloc] (in /usr/lib/system/libxpc.dylib)
==64539==    by 0x1897D841F: _xpc_collect_images (in /usr/lib/system/libxpc.dylib)
==64539==    by 0x1897D78A3: _libxpc_initializer (in /usr/lib/system/libxpc.dylib)
==64539==    by 0x19992B35B: libSystem_initializer (in /usr/lib/libSystem.B.dylib)
==64539==    by 0x100D6F733: invocation function for block in dyld4::Loader::findAndRunAllInitializers(dyld4::RuntimeState&) const (in /usr/lib/dyld)
==64539==    by 0x100D7FE8F: invocation function for block in dyld3::MachOAnalyzer::forEachInitializer(Diagnostics&, dyld3::MachOAnalyzer::VMAddrConverter const&, void ( block_pointer)(unsigned int), void const*) const (in /usr/lib/dyld)
==64539==    by 0x100DB655F: invocation function for block in mach_o::UnsafeHeader::forEachSection(void ( block_pointer)(mach_o::UnsafeHeader::SectionInfo const&, bool&)) const (in /usr/lib/dyld)
==64539== 
{
   <insert_a_suppression_name_here>
   Memcheck:Leak
   match-leak-kinds: definite
   fun:malloc_type_zone_malloc_with_options
   fun:malloc_type_zone_malloc_with_options
   fun:_ZN7cache_t6insertEP13objc_selectorPFvvEP11objc_object
   fun:lookUpImpOrForward
   fun:_objc_msgSend_uncached
   fun:-[OS_xpc_object dealloc]
   fun:_xpc_collect_images
   fun:_libxpc_initializer
   fun:libSystem_initializer
   fun:___ZNK5dyld46Loader25findAndRunAllInitializersERNS_12RuntimeStateE_block_invoke
   fun:___ZNK5dyld313MachOAnalyzer18forEachInitializerER11DiagnosticsRKNS0_15VMAddrConverterEU13block_pointerFvjEPKv_block_invoke.204
   fun:___ZNK6mach_o12UnsafeHeader14forEachSectionEU13block_pointerFvRKNS0_11SectionInfoERbE_block_invoke
}
==64539== 48 bytes in 1 blocks are possibly lost in loss record 15 of 41
==64539==    at 0x100E8D31C: malloc_type_malloc (in /opt/homebrew/Cellar/valgrind/HEAD-0c21e45/libexec/valgrind/vgpreload_memcheck-arm64-darwin.so)
==64539==    by 0x1896C6A3F: allocBuckets(unsigned int) (in /usr/lib/libobjc.A.dylib)
==64539==    by 0x1896C34B7: NXCreateMapTable (in /usr/lib/libobjc.A.dylib)
==64539==    by 0x1896A6E9F: map_images_nolock (in /usr/lib/libobjc.A.dylib)
==64539==    by 0x1896A5D8F: map_images (in /usr/lib/libobjc.A.dylib)
==64539==    by 0x100D5ED43: invocation function for block in dyld4::RuntimeState::setObjCNotifiers(dyld4::ReadOnlyCallback<void (*)(char const*, mach_header const*)>, dyld4::ReadOnlyCallback<void (*)(mach_header const*, void*, mach_header const*, void const*)>, dyld4::ReadOnlyCallback<void (*)(_dyld_objc_notify_mapped_info const*)>, dyld4::ReadOnlyCallback<void (*)(unsigned int, _dyld_objc_notify_mapped_info const*, void ( block_pointer)(unsigned int))>)::$_0::operator()() const (in /usr/lib/dyld)
==64539==    by 0x100D519E7: dyld4::RuntimeLocks::withLoadersReadLock(void ( block_pointer)()) (in /usr/lib/dyld)
==64539==    by 0x100D59ED7: dyld4::RuntimeState::setObjCNotifiers(dyld4::ReadOnlyCallback<void (*)(char const*, mach_header const*)>, dyld4::ReadOnlyCallback<void (*)(mach_header const*, void*, mach_header const*, void const*)>, dyld4::ReadOnlyCallback<void (*)(_dyld_objc_notify_mapped_info const*)>, dyld4::ReadOnlyCallback<void (*)(unsigned int, _dyld_objc_notify_mapped_info const*, void ( block_pointer)(unsigned int))>) (in /usr/lib/dyld)
==64539==    by 0x100D31F1F: dyld4::APIs::_dyld_objc_register_callbacks(dyld4::ObjCCallbacks const*) (in /usr/lib/dyld)
==64539==    by 0x189702713: _dyld_objc_register_callbacks (in /usr/lib/system/libdyld.dylib)
==64539==    by 0x1896A5B0F: _objc_init (in /usr/lib/libobjc.A.dylib)
==64539==    by 0x18994D77B: _os_object_init (in /usr/lib/system/libdispatch.dylib)
==64539== 
{
   <insert_a_suppression_name_here>
   Memcheck:Leak
   match-leak-kinds: possible
   fun:malloc_type_malloc
   fun:_ZL12allocBucketsj
   fun:NXCreateMapTable
   fun:map_images_nolock
   fun:map_images
   fun:___ZZN5dyld412RuntimeState16setObjCNotifiersENS_16ReadOnlyCallbackIPFvPKcPK11mach_headerEEENS1_IPFvS6_PvS6_PKvEEENS1_IPFvPK29_dyld_objc_notify_mapped_infoEEENS1_IPFvjSI_U13block_pointerFvjEEEEENK3$_0clEv_block_invoke
   fun:_ZN5dyld412RuntimeLocks19withLoadersReadLockEU13block_pointerFvvE
   fun:_ZN5dyld412RuntimeState16setObjCNotifiersENS_16ReadOnlyCallbackIPFvPKcPK11mach_headerEEENS1_IPFvS6_PvS6_PKvEEENS1_IPFvPK29_dyld_objc_notify_mapped_infoEEENS1_IPFvjSI_U13block_pointerFvjEEEE
   fun:_ZN5dyld44APIs29_dyld_objc_register_callbacksEPKNS_13ObjCCallbacksE
   fun:_dyld_objc_register_callbacks
   fun:_objc_init
   fun:_os_object_init
}
==64539== 64 bytes in 2 blocks are definitely lost in loss record 24 of 41
==64539==    at 0x100E92870: malloc_type_calloc (in /opt/homebrew/Cellar/valgrind/HEAD-0c21e45/libexec/valgrind/vgpreload_memcheck-arm64-darwin.so)
==64539==    by 0x1896A96AB: realizeClassWithoutSwift(objc_class*, objc_class*) (in /usr/lib/libobjc.A.dylib)
==64539==    by 0x1896A9833: realizeClassWithoutSwift(objc_class*, objc_class*) (in /usr/lib/libobjc.A.dylib)
==64539==    by 0x1896A9833: realizeClassWithoutSwift(objc_class*, objc_class*) (in /usr/lib/libobjc.A.dylib)
==64539==    by 0x1896A7D67: map_images_nolock (in /usr/lib/libobjc.A.dylib)
==64539==    by 0x1896A5D8F: map_images (in /usr/lib/libobjc.A.dylib)
==64539==    by 0x100D5ED43: invocation function for block in dyld4::RuntimeState::setObjCNotifiers(dyld4::ReadOnlyCallback<void (*)(char const*, mach_header const*)>, dyld4::ReadOnlyCallback<void (*)(mach_header const*, void*, mach_header const*, void const*)>, dyld4::ReadOnlyCallback<void (*)(_dyld_objc_notify_mapped_info const*)>, dyld4::ReadOnlyCallback<void (*)(unsigned int, _dyld_objc_notify_mapped_info const*, void ( block_pointer)(unsigned int))>)::$_0::operator()() const (in /usr/lib/dyld)
==64539==    by 0x100D519E7: dyld4::RuntimeLocks::withLoadersReadLock(void ( block_pointer)()) (in /usr/lib/dyld)
==64539==    by 0x100D59ED7: dyld4::RuntimeState::setObjCNotifiers(dyld4::ReadOnlyCallback<void (*)(char const*, mach_header const*)>, dyld4::ReadOnlyCallback<void (*)(mach_header const*, void*, mach_header const*, void const*)>, dyld4::ReadOnlyCallback<void (*)(_dyld_objc_notify_mapped_info const*)>, dyld4::ReadOnlyCallback<void (*)(unsigned int, _dyld_objc_notify_mapped_info const*, void ( block_pointer)(unsigned int))>) (in /usr/lib/dyld)
==64539==    by 0x100D31F1F: dyld4::APIs::_dyld_objc_register_callbacks(dyld4::ObjCCallbacks const*) (in /usr/lib/dyld)
==64539==    by 0x189702713: _dyld_objc_register_callbacks (in /usr/lib/system/libdyld.dylib)
==64539==    by 0x1896A5B0F: _objc_init (in /usr/lib/libobjc.A.dylib)
==64539== 
{
   <insert_a_suppression_name_here>
   Memcheck:Leak
   match-leak-kinds: definite
   fun:malloc_type_calloc
   fun:_ZL24realizeClassWithoutSwiftP10objc_classS0_
   fun:_ZL24realizeClassWithoutSwiftP10objc_classS0_
   fun:_ZL24realizeClassWithoutSwiftP10objc_classS0_
   fun:map_images_nolock
   fun:map_images
   fun:___ZZN5dyld412RuntimeState16setObjCNotifiersENS_16ReadOnlyCallbackIPFvPKcPK11mach_headerEEENS1_IPFvS6_PvS6_PKvEEENS1_IPFvPK29_dyld_objc_notify_mapped_infoEEENS1_IPFvjSI_U13block_pointerFvjEEEEENK3$_0clEv_block_invoke
   fun:_ZN5dyld412RuntimeLocks19withLoadersReadLockEU13block_pointerFvvE
   fun:_ZN5dyld412RuntimeState16setObjCNotifiersENS_16ReadOnlyCallbackIPFvPKcPK11mach_headerEEENS1_IPFvS6_PvS6_PKvEEENS1_IPFvPK29_dyld_objc_notify_mapped_infoEEENS1_IPFvjSI_U13block_pointerFvjEEEE
   fun:_ZN5dyld44APIs29_dyld_objc_register_callbacksEPKNS_13ObjCCallbacksE
   fun:_dyld_objc_register_callbacks
   fun:_objc_init
}
==64539== 64 bytes in 2 blocks are definitely lost in loss record 25 of 41
==64539==    at 0x100E92870: malloc_type_calloc (in /opt/homebrew/Cellar/valgrind/HEAD-0c21e45/libexec/valgrind/vgpreload_memcheck-arm64-darwin.so)
==64539==    by 0x1896A96AB: realizeClassWithoutSwift(objc_class*, objc_class*) (in /usr/lib/libobjc.A.dylib)
==64539==    by 0x1896A984B: realizeClassWithoutSwift(objc_class*, objc_class*) (in /usr/lib/libobjc.A.dylib)
==64539==    by 0x1896A9833: realizeClassWithoutSwift(objc_class*, objc_class*) (in /usr/lib/libobjc.A.dylib)
==64539==    by 0x1896A9833: realizeClassWithoutSwift(objc_class*, objc_class*) (in /usr/lib/libobjc.A.dylib)
==64539==    by 0x1896A7D67: map_images_nolock (in /usr/lib/libobjc.A.dylib)
==64539==    by 0x1896A5D8F: map_images (in /usr/lib/libobjc.A.dylib)
==64539==    by 0x100D5ED43: invocation function for block in dyld4::RuntimeState::setObjCNotifiers(dyld4::ReadOnlyCallback<void (*)(char const*, mach_header const*)>, dyld4::ReadOnlyCallback<void (*)(mach_header const*, void*, mach_header const*, void const*)>, dyld4::ReadOnlyCallback<void (*)(_dyld_objc_notify_mapped_info const*)>, dyld4::ReadOnlyCallback<void (*)(unsigned int, _dyld_objc_notify_mapped_info const*, void ( block_pointer)(unsigned int))>)::$_0::operator()() const (in /usr/lib/dyld)
==64539==    by 0x100D519E7: dyld4::RuntimeLocks::withLoadersReadLock(void ( block_pointer)()) (in /usr/lib/dyld)
==64539==    by 0x100D59ED7: dyld4::RuntimeState::setObjCNotifiers(dyld4::ReadOnlyCallback<void (*)(char const*, mach_header const*)>, dyld4::ReadOnlyCallback<void (*)(mach_header const*, void*, mach_header const*, void const*)>, dyld4::ReadOnlyCallback<void (*)(_dyld_objc_notify_mapped_info const*)>, dyld4::ReadOnlyCallback<void (*)(unsigned int, _dyld_objc_notify_mapped_info const*, void ( block_pointer)(unsigned int))>) (in /usr/lib/dyld)
==64539==    by 0x100D31F1F: dyld4::APIs::_dyld_objc_register_callbacks(dyld4::ObjCCallbacks const*) (in /usr/lib/dyld)
==64539==    by 0x189702713: _dyld_objc_register_callbacks (in /usr/lib/system/libdyld.dylib)
==64539== 
{
   <insert_a_suppression_name_here>
   Memcheck:Leak
   match-leak-kinds: definite
   fun:malloc_type_calloc
   fun:_ZL24realizeClassWithoutSwiftP10objc_classS0_
   fun:_ZL24realizeClassWithoutSwiftP10objc_classS0_
   fun:_ZL24realizeClassWithoutSwiftP10objc_classS0_
   fun:_ZL24realizeClassWithoutSwiftP10objc_classS0_
   fun:map_images_nolock
   fun:map_images
   fun:___ZZN5dyld412RuntimeState16setObjCNotifiersENS_16ReadOnlyCallbackIPFvPKcPK11mach_headerEEENS1_IPFvS6_PvS6_PKvEEENS1_IPFvPK29_dyld_objc_notify_mapped_infoEEENS1_IPFvjSI_U13block_pointerFvjEEEEENK3$_0clEv_block_invoke
   fun:_ZN5dyld412RuntimeLocks19withLoadersReadLockEU13block_pointerFvvE
   fun:_ZN5dyld412RuntimeState16setObjCNotifiersENS_16ReadOnlyCallbackIPFvPKcPK11mach_headerEEENS1_IPFvS6_PvS6_PKvEEENS1_IPFvPK29_dyld_objc_notify_mapped_infoEEENS1_IPFvjSI_U13block_pointerFvjEEEE
   fun:_ZN5dyld44APIs29_dyld_objc_register_callbacksEPKNS_13ObjCCallbacksE
   fun:_dyld_objc_register_callbacks
}
==64539== 160 bytes in 5 blocks are definitely lost in loss record 31 of 41
==64539==    at 0x100E92870: malloc_type_calloc (in /opt/homebrew/Cellar/valgrind/HEAD-0c21e45/libexec/valgrind/vgpreload_memcheck-arm64-darwin.so)
==64539==    by 0x1896A96AB: realizeClassWithoutSwift(objc_class*, objc_class*) (in /usr/lib/libobjc.A.dylib)
==64539==    by 0x1896A984B: realizeClassWithoutSwift(objc_class*, objc_class*) (in /usr/lib/libobjc.A.dylib)
==64539==    by 0x1896A9833: realizeClassWithoutSwift(objc_class*, objc_class*) (in /usr/lib/libobjc.A.dylib)
==64539==    by 0x1896A7D67: map_images_nolock (in /usr/lib/libobjc.A.dylib)
==64539==    by 0x1896A5D8F: map_images (in /usr/lib/libobjc.A.dylib)
==64539==    by 0x100D5ED43: invocation function for block in dyld4::RuntimeState::setObjCNotifiers(dyld4::ReadOnlyCallback<void (*)(char const*, mach_header const*)>, dyld4::ReadOnlyCallback<void (*)(mach_header const*, void*, mach_header const*, void const*)>, dyld4::ReadOnlyCallback<void (*)(_dyld_objc_notify_mapped_info const*)>, dyld4::ReadOnlyCallback<void (*)(unsigned int, _dyld_objc_notify_mapped_info const*, void ( block_pointer)(unsigned int))>)::$_0::operator()() const (in /usr/lib/dyld)
==64539==    by 0x100D519E7: dyld4::RuntimeLocks::withLoadersReadLock(void ( block_pointer)()) (in /usr/lib/dyld)
==64539==    by 0x100D59ED7: dyld4::RuntimeState::setObjCNotifiers(dyld4::ReadOnlyCallback<void (*)(char const*, mach_header const*)>, dyld4::ReadOnlyCallback<void (*)(mach_header const*, void*, mach_header const*, void const*)>, dyld4::ReadOnlyCallback<void (*)(_dyld_objc_notify_mapped_info const*)>, dyld4::ReadOnlyCallback<void (*)(unsigned int, _dyld_objc_notify_mapped_info const*, void ( block_pointer)(unsigned int))>) (in /usr/lib/dyld)
==64539==    by 0x100D31F1F: dyld4::APIs::_dyld_objc_register_callbacks(dyld4::ObjCCallbacks const*) (in /usr/lib/dyld)
==64539==    by 0x189702713: _dyld_objc_register_callbacks (in /usr/lib/system/libdyld.dylib)
==64539==    by 0x1896A5B0F: _objc_init (in /usr/lib/libobjc.A.dylib)
==64539== 
{
   <insert_a_suppression_name_here>
   Memcheck:Leak
   match-leak-kinds: definite
   fun:malloc_type_calloc
   fun:_ZL24realizeClassWithoutSwiftP10objc_classS0_
   fun:_ZL24realizeClassWithoutSwiftP10objc_classS0_
   fun:_ZL24realizeClassWithoutSwiftP10objc_classS0_
   fun:map_images_nolock
   fun:map_images
   fun:___ZZN5dyld412RuntimeState16setObjCNotifiersENS_16ReadOnlyCallbackIPFvPKcPK11mach_headerEEENS1_IPFvS6_PvS6_PKvEEENS1_IPFvPK29_dyld_objc_notify_mapped_infoEEENS1_IPFvjSI_U13block_pointerFvjEEEEENK3$_0clEv_block_invoke
   fun:_ZN5dyld412RuntimeLocks19withLoadersReadLockEU13block_pointerFvvE
   fun:_ZN5dyld412RuntimeState16setObjCNotifiersENS_16ReadOnlyCallbackIPFvPKcPK11mach_headerEEENS1_IPFvS6_PvS6_PKvEEENS1_IPFvPK29_dyld_objc_notify_mapped_infoEEENS1_IPFvjSI_U13block_pointerFvjEEEE
   fun:_ZN5dyld44APIs29_dyld_objc_register_callbacksEPKNS_13ObjCCallbacksE
   fun:_dyld_objc_register_callbacks
   fun:_objc_init
}
==64539== 208 (160 direct, 48 indirect) bytes in 5 blocks are definitely lost in loss record 32 of 41
==64539==    at 0x100E92870: malloc_type_calloc (in /opt/homebrew/Cellar/valgrind/HEAD-0c21e45/libexec/valgrind/vgpreload_memcheck-arm64-darwin.so)
==64539==    by 0x1896A96AB: realizeClassWithoutSwift(objc_class*, objc_class*) (in /usr/lib/libobjc.A.dylib)
==64539==    by 0x1896A9833: realizeClassWithoutSwift(objc_class*, objc_class*) (in /usr/lib/libobjc.A.dylib)
==64539==    by 0x1896A7D67: map_images_nolock (in /usr/lib/libobjc.A.dylib)
==64539==    by 0x1896A5D8F: map_images (in /usr/lib/libobjc.A.dylib)
==64539==    by 0x100D5ED43: invocation function for block in dyld4::RuntimeState::setObjCNotifiers(dyld4::ReadOnlyCallback<void (*)(char const*, mach_header const*)>, dyld4::ReadOnlyCallback<void (*)(mach_header const*, void*, mach_header const*, void const*)>, dyld4::ReadOnlyCallback<void (*)(_dyld_objc_notify_mapped_info const*)>, dyld4::ReadOnlyCallback<void (*)(unsigned int, _dyld_objc_notify_mapped_info const*, void ( block_pointer)(unsigned int))>)::$_0::operator()() const (in /usr/lib/dyld)
==64539==    by 0x100D519E7: dyld4::RuntimeLocks::withLoadersReadLock(void ( block_pointer)()) (in /usr/lib/dyld)
==64539==    by 0x100D59ED7: dyld4::RuntimeState::setObjCNotifiers(dyld4::ReadOnlyCallback<void (*)(char const*, mach_header const*)>, dyld4::ReadOnlyCallback<void (*)(mach_header const*, void*, mach_header const*, void const*)>, dyld4::ReadOnlyCallback<void (*)(_dyld_objc_notify_mapped_info const*)>, dyld4::ReadOnlyCallback<void (*)(unsigned int, _dyld_objc_notify_mapped_info const*, void ( block_pointer)(unsigned int))>) (in /usr/lib/dyld)
==64539==    by 0x100D31F1F: dyld4::APIs::_dyld_objc_register_callbacks(dyld4::ObjCCallbacks const*) (in /usr/lib/dyld)
==64539==    by 0x189702713: _dyld_objc_register_callbacks (in /usr/lib/system/libdyld.dylib)
==64539==    by 0x1896A5B0F: _objc_init (in /usr/lib/libobjc.A.dylib)
==64539==    by 0x18994D77B: _os_object_init (in /usr/lib/system/libdispatch.dylib)
==64539== 
{
   <insert_a_suppression_name_here>
   Memcheck:Leak
   match-leak-kinds: definite
   fun:malloc_type_calloc
   fun:_ZL24realizeClassWithoutSwiftP10objc_classS0_
   fun:_ZL24realizeClassWithoutSwiftP10objc_classS0_
   fun:map_images_nolock
   fun:map_images
   fun:___ZZN5dyld412RuntimeState16setObjCNotifiersENS_16ReadOnlyCallbackIPFvPKcPK11mach_headerEEENS1_IPFvS6_PvS6_PKvEEENS1_IPFvPK29_dyld_objc_notify_mapped_infoEEENS1_IPFvjSI_U13block_pointerFvjEEEEENK3$_0clEv_block_invoke
   fun:_ZN5dyld412RuntimeLocks19withLoadersReadLockEU13block_pointerFvvE
   fun:_ZN5dyld412RuntimeState16setObjCNotifiersENS_16ReadOnlyCallbackIPFvPKcPK11mach_headerEEENS1_IPFvS6_PvS6_PKvEEENS1_IPFvPK29_dyld_objc_notify_mapped_infoEEENS1_IPFvjSI_U13block_pointerFvjEEEE
   fun:_ZN5dyld44APIs29_dyld_objc_register_callbacksEPKNS_13ObjCCallbacksE
   fun:_dyld_objc_register_callbacks
   fun:_objc_init
   fun:_os_object_init
}
==64539== 528 bytes in 1 blocks are possibly lost in loss record 37 of 41
==64539==    at 0x100E8D31C: malloc_type_malloc (in /opt/homebrew/Cellar/valgrind/HEAD-0c21e45/libexec/valgrind/vgpreload_memcheck-arm64-darwin.so)
==64539==    by 0x1896C6A3F: allocBuckets(unsigned int) (in /usr/lib/libobjc.A.dylib)
==64539==    by 0x1896C34B7: NXCreateMapTable (in /usr/lib/libobjc.A.dylib)
==64539==    by 0x1896A8E43: protocols() (in /usr/lib/libobjc.A.dylib)
==64539==    by 0x1896A7413: map_images_nolock (in /usr/lib/libobjc.A.dylib)
==64539==    by 0x1896A5D8F: map_images (in /usr/lib/libobjc.A.dylib)
==64539==    by 0x100D5ED43: invocation function for block in dyld4::RuntimeState::setObjCNotifiers(dyld4::ReadOnlyCallback<void (*)(char const*, mach_header const*)>, dyld4::ReadOnlyCallback<void (*)(mach_header const*, void*, mach_header const*, void const*)>, dyld4::ReadOnlyCallback<void (*)(_dyld_objc_notify_mapped_info const*)>, dyld4::ReadOnlyCallback<void (*)(unsigned int, _dyld_objc_notify_mapped_info const*, void ( block_pointer)(unsigned int))>)::$_0::operator()() const (in /usr/lib/dyld)
==64539==    by 0x100D519E7: dyld4::RuntimeLocks::withLoadersReadLock(void ( block_pointer)()) (in /usr/lib/dyld)
==64539==    by 0x100D59ED7: dyld4::RuntimeState::setObjCNotifiers(dyld4::ReadOnlyCallback<void (*)(char const*, mach_header const*)>, dyld4::ReadOnlyCallback<void (*)(mach_header const*, void*, mach_header const*, void const*)>, dyld4::ReadOnlyCallback<void (*)(_dyld_objc_notify_mapped_info const*)>, dyld4::ReadOnlyCallback<void (*)(unsigned int, _dyld_objc_notify_mapped_info const*, void ( block_pointer)(unsigned int))>) (in /usr/lib/dyld)
==64539==    by 0x100D31F1F: dyld4::APIs::_dyld_objc_register_callbacks(dyld4::ObjCCallbacks const*) (in /usr/lib/dyld)
==64539==    by 0x189702713: _dyld_objc_register_callbacks (in /usr/lib/system/libdyld.dylib)
==64539==    by 0x1896A5B0F: _objc_init (in /usr/lib/libobjc.A.dylib)
==64539== 
{
   <insert_a_suppression_name_here>
   Memcheck:Leak
   match-leak-kinds: possible
   fun:malloc_type_malloc
   fun:_ZL12allocBucketsj
   fun:NXCreateMapTable
   fun:_ZL9protocolsv
   fun:map_images_nolock
   fun:map_images
   fun:___ZZN5dyld412RuntimeState16setObjCNotifiersENS_16ReadOnlyCallbackIPFvPKcPK11mach_headerEEENS1_IPFvS6_PvS6_PKvEEENS1_IPFvPK29_dyld_objc_notify_mapped_infoEEENS1_IPFvjSI_U13block_pointerFvjEEEEENK3$_0clEv_block_invoke
   fun:_ZN5dyld412RuntimeLocks19withLoadersReadLockEU13block_pointerFvvE
   fun:_ZN5dyld412RuntimeState16setObjCNotifiersENS_16ReadOnlyCallbackIPFvPKcPK11mach_headerEEENS1_IPFvS6_PvS6_PKvEEENS1_IPFvPK29_dyld_objc_notify_mapped_infoEEENS1_IPFvjSI_U13block_pointerFvjEEEE
   fun:_ZN5dyld44APIs29_dyld_objc_register_callbacksEPKNS_13ObjCCallbacksE
   fun:_dyld_objc_register_callbacks
   fun:_objc_init
}
==64539== 1,952 bytes in 61 blocks are definitely lost in loss record 40 of 41
==64539==    at 0x100E92870: malloc_type_calloc (in /opt/homebrew/Cellar/valgrind/HEAD-0c21e45/libexec/valgrind/vgpreload_memcheck-arm64-darwin.so)
==64539==    by 0x1896A96AB: realizeClassWithoutSwift(objc_class*, objc_class*) (in /usr/lib/libobjc.A.dylib)
==64539==    by 0x1896A7D67: map_images_nolock (in /usr/lib/libobjc.A.dylib)
==64539==    by 0x1896A5D8F: map_images (in /usr/lib/libobjc.A.dylib)
==64539==    by 0x100D5ED43: invocation function for block in dyld4::RuntimeState::setObjCNotifiers(dyld4::ReadOnlyCallback<void (*)(char const*, mach_header const*)>, dyld4::ReadOnlyCallback<void (*)(mach_header const*, void*, mach_header const*, void const*)>, dyld4::ReadOnlyCallback<void (*)(_dyld_objc_notify_mapped_info const*)>, dyld4::ReadOnlyCallback<void (*)(unsigned int, _dyld_objc_notify_mapped_info const*, void ( block_pointer)(unsigned int))>)::$_0::operator()() const (in /usr/lib/dyld)
==64539==    by 0x100D519E7: dyld4::RuntimeLocks::withLoadersReadLock(void ( block_pointer)()) (in /usr/lib/dyld)
==64539==    by 0x100D59ED7: dyld4::RuntimeState::setObjCNotifiers(dyld4::ReadOnlyCallback<void (*)(char const*, mach_header const*)>, dyld4::ReadOnlyCallback<void (*)(mach_header const*, void*, mach_header const*, void const*)>, dyld4::ReadOnlyCallback<void (*)(_dyld_objc_notify_mapped_info const*)>, dyld4::ReadOnlyCallback<void (*)(unsigned int, _dyld_objc_notify_mapped_info const*, void ( block_pointer)(unsigned int))>) (in /usr/lib/dyld)
==64539==    by 0x100D31F1F: dyld4::APIs::_dyld_objc_register_callbacks(dyld4::ObjCCallbacks const*) (in /usr/lib/dyld)
==64539==    by 0x189702713: _dyld_objc_register_callbacks (in /usr/lib/system/libdyld.dylib)
==64539==    by 0x1896A5B0F: _objc_init (in /usr/lib/libobjc.A.dylib)
==64539==    by 0x18994D77B: _os_object_init (in /usr/lib/system/libdispatch.dylib)
==64539==    by 0x189982E83: libdispatch_init (in /usr/lib/system/libdispatch.dylib)
==64539== 
{
   <insert_a_suppression_name_here>
   Memcheck:Leak
   match-leak-kinds: definite
   fun:malloc_type_calloc
   fun:_ZL24realizeClassWithoutSwiftP10objc_classS0_
   fun:map_images_nolock
   fun:map_images
   fun:___ZZN5dyld412RuntimeState16setObjCNotifiersENS_16ReadOnlyCallbackIPFvPKcPK11mach_headerEEENS1_IPFvS6_PvS6_PKvEEENS1_IPFvPK29_dyld_objc_notify_mapped_infoEEENS1_IPFvjSI_U13block_pointerFvjEEEEENK3$_0clEv_block_invoke
   fun:_ZN5dyld412RuntimeLocks19withLoadersReadLockEU13block_pointerFvvE
   fun:_ZN5dyld412RuntimeState16setObjCNotifiersENS_16ReadOnlyCallbackIPFvPKcPK11mach_headerEEENS1_IPFvS6_PvS6_PKvEEENS1_IPFvPK29_dyld_objc_notify_mapped_infoEEENS1_IPFvjSI_U13block_pointerFvjEEEE
   fun:_ZN5dyld44APIs29_dyld_objc_register_callbacksEPKNS_13ObjCCallbacksE
   fun:_dyld_objc_register_callbacks
   fun:_objc_init
   fun:_os_object_init
   fun:libdispatch_init
}
==64539== 1,952 bytes in 61 blocks are definitely lost in loss record 41 of 41
==64539==    at 0x100E92870: malloc_type_calloc (in /opt/homebrew/Cellar/valgrind/HEAD-0c21e45/libexec/valgrind/vgpreload_memcheck-arm64-darwin.so)
==64539==    by 0x1896A96AB: realizeClassWithoutSwift(objc_class*, objc_class*) (in /usr/lib/libobjc.A.dylib)
==64539==    by 0x1896A984B: realizeClassWithoutSwift(objc_class*, objc_class*) (in /usr/lib/libobjc.A.dylib)
==64539==    by 0x1896A7D67: map_images_nolock (in /usr/lib/libobjc.A.dylib)
==64539==    by 0x1896A5D8F: map_images (in /usr/lib/libobjc.A.dylib)
==64539==    by 0x100D5ED43: invocation function for block in dyld4::RuntimeState::setObjCNotifiers(dyld4::ReadOnlyCallback<void (*)(char const*, mach_header const*)>, dyld4::ReadOnlyCallback<void (*)(mach_header const*, void*, mach_header const*, void const*)>, dyld4::ReadOnlyCallback<void (*)(_dyld_objc_notify_mapped_info const*)>, dyld4::ReadOnlyCallback<void (*)(unsigned int, _dyld_objc_notify_mapped_info const*, void ( block_pointer)(unsigned int))>)::$_0::operator()() const (in /usr/lib/dyld)
==64539==    by 0x100D519E7: dyld4::RuntimeLocks::withLoadersReadLock(void ( block_pointer)()) (in /usr/lib/dyld)
==64539==    by 0x100D59ED7: dyld4::RuntimeState::setObjCNotifiers(dyld4::ReadOnlyCallback<void (*)(char const*, mach_header const*)>, dyld4::ReadOnlyCallback<void (*)(mach_header const*, void*, mach_header const*, void const*)>, dyld4::ReadOnlyCallback<void (*)(_dyld_objc_notify_mapped_info const*)>, dyld4::ReadOnlyCallback<void (*)(unsigned int, _dyld_objc_notify_mapped_info const*, void ( block_pointer)(unsigned int))>) (in /usr/lib/dyld)
==64539==    by 0x100D31F1F: dyld4::APIs::_dyld_objc_register_callbacks(dyld4::ObjCCallbacks const*) (in /usr/lib/dyld)
==64539==    by 0x189702713: _dyld_objc_register_callbacks (in /usr/lib/system/libdyld.dylib)
==64539==    by 0x1896A5B0F: _objc_init (in /usr/lib/libobjc.A.dylib)
==64539==    by 0x18994D77B: _os_object_init (in /usr/lib/system/libdispatch.dylib)
==64539== 
{
   <insert_a_suppression_name_here>
   Memcheck:Leak
   match-leak-kinds: definite
   fun:malloc_type_calloc
   fun:_ZL24realizeClassWithoutSwiftP10objc_classS0_
   fun:_ZL24realizeClassWithoutSwiftP10objc_classS0_
   fun:map_images_nolock
   fun:map_images
   fun:___ZZN5dyld412RuntimeState16setObjCNotifiersENS_16ReadOnlyCallbackIPFvPKcPK11mach_headerEEENS1_IPFvS6_PvS6_PKvEEENS1_IPFvPK29_dyld_objc_notify_mapped_infoEEENS1_IPFvjSI_U13block_pointerFvjEEEEENK3$_0clEv_block_invoke
   fun:_ZN5dyld412RuntimeLocks19withLoadersReadLockEU13block_pointerFvvE
   fun:_ZN5dyld412RuntimeState16setObjCNotifiersENS_16ReadOnlyCallbackIPFvPKcPK11mach_headerEEENS1_IPFvS6_PvS6_PKvEEENS1_IPFvPK29_dyld_objc_notify_mapped_infoEEENS1_IPFvjSI_U13block_pointerFvjEEEE
   fun:_ZN5dyld44APIs29_dyld_objc_register_callbacksEPKNS_13ObjCCallbacksE
   fun:_dyld_objc_register_callbacks
   fun:_objc_init
   fun:_os_object_init
}
==64539== LEAK SUMMARY:
==64539==    definitely lost: 4,384 bytes in 137 blocks
==64539==    indirectly lost: 48 bytes in 1 blocks
==64539==      possibly lost: 576 bytes in 2 blocks
==64539==    still reachable: 4,900 bytes in 44 blocks
==64539==         suppressed: 0 bytes in 0 blocks
==64539== Reachable blocks (those to which a pointer was found) are not shown.
==64539== To see them, rerun with: --leak-check=full --show-leak-kinds=all
==64539== 
==64539== For lists of detected and suppressed errors, rerun with: -s
==64539== ERROR SUMMARY: 27 errors from 12 contexts (suppressed: 0 from 0)
